<?xml version="1.0" encoding="UTF-8"?>
<!-- Generated by org.testng.reporters.JUnitXMLReporter -->
<testsuite hostname="LAPTOP-9K153T17" ignored="0" name="Default test" tests="4" failures="0" timestamp="25 Apr 2018 01:40:25 GMT" time="0.099" errors="0">
  <testcase name="myTEST" time="0.006" classname="tests.Annotations"/>
  <testcase name="myTEST2" time="0.002" classname="tests.Annotations"/>
  <testcase name="myTEST3" time="0.002" classname="tests.Annotations"/>
  <testcase name="myTEST4" time="0.001" classname="tests.Annotations"/>
</testsuite> <!-- Default test -->
