<?xml version="1.0" encoding="UTF-8"?>
<testng-results skipped="0" failed="1" ignored="0" total="5" passed="4">
  <reporter-output>
  </reporter-output>
  <suite name="Suite" duration-ms="39399" started-at="2018-04-29T16:58:33Z" finished-at="2018-04-29T16:59:12Z">
    <groups>
    </groups>
    <test name="Test" duration-ms="39399" started-at="2018-04-29T16:58:33Z" finished-at="2018-04-29T16:59:12Z">
      <class name="tests.Annotations">
        <test-method status="PASS" signature="beforeSuite()[pri:0, instance:tests.Annotations@1a968a59]" name="beforeSuite" is-config="true" duration-ms="0" started-at="2018-04-29T16:58:33Z" finished-at="2018-04-29T16:58:33Z">
          <reporter-output>
          </reporter-output>
        </test-method> <!-- beforeSuite -->
        <test-method status="PASS" signature="initDrivers()[pri:0, instance:tests.MyFirstTest@4667ae56]" name="initDrivers" is-config="true" duration-ms="9219" started-at="2018-04-29T16:58:33Z" finished-at="2018-04-29T16:58:42Z">
          <reporter-output>
          </reporter-output>
        </test-method> <!-- initDrivers -->
        <test-method status="PASS" signature="beforeTest()[pri:0, instance:tests.Annotations@1a968a59]" name="beforeTest" is-config="true" duration-ms="0" started-at="2018-04-29T16:58:33Z" finished-at="2018-04-29T16:58:33Z">
          <reporter-output>
          </reporter-output>
        </test-method> <!-- beforeTest -->
        <test-method status="PASS" signature="beforeCLass()[pri:0, instance:tests.Annotations@1a968a59]" name="beforeCLass" is-config="true" duration-ms="0" started-at="2018-04-29T16:59:12Z" finished-at="2018-04-29T16:59:12Z">
          <reporter-output>
          </reporter-output>
        </test-method> <!-- beforeCLass -->
        <test-method status="PASS" signature="beforeMethod()[pri:0, instance:tests.Annotations@1a968a59]" name="beforeMethod" is-config="true" duration-ms="0" started-at="2018-04-29T16:59:12Z" finished-at="2018-04-29T16:59:12Z">
          <reporter-output>
          </reporter-output>
        </test-method> <!-- beforeMethod -->
        <test-method status="PASS" signature="myTEST()[pri:1, instance:tests.Annotations@1a968a59]" name="myTEST" duration-ms="2" started-at="2018-04-29T16:59:12Z" finished-at="2018-04-29T16:59:12Z">
          <reporter-output>
          </reporter-output>
        </test-method> <!-- myTEST -->
        <test-method status="PASS" signature="beforeMethod()[pri:0, instance:tests.Annotations@1a968a59]" name="beforeMethod" is-config="true" duration-ms="0" started-at="2018-04-29T16:59:12Z" finished-at="2018-04-29T16:59:12Z">
          <reporter-output>
          </reporter-output>
        </test-method> <!-- beforeMethod -->
        <test-method status="PASS" signature="afterMethod()[pri:0, instance:tests.Annotations@1a968a59]" name="afterMethod" is-config="true" duration-ms="16" started-at="2018-04-29T16:59:12Z" finished-at="2018-04-29T16:59:12Z">
          <reporter-output>
          </reporter-output>
        </test-method> <!-- afterMethod -->
        <test-method status="PASS" signature="myTEST2()[pri:2, instance:tests.Annotations@1a968a59]" name="myTEST2" duration-ms="0" started-at="2018-04-29T16:59:12Z" finished-at="2018-04-29T16:59:12Z">
          <reporter-output>
          </reporter-output>
        </test-method> <!-- myTEST2 -->
        <test-method status="PASS" signature="afterMethod()[pri:0, instance:tests.Annotations@1a968a59]" name="afterMethod" is-config="true" duration-ms="0" started-at="2018-04-29T16:59:12Z" finished-at="2018-04-29T16:59:12Z">
          <reporter-output>
          </reporter-output>
        </test-method> <!-- afterMethod -->
        <test-method status="PASS" signature="myTEST4()[pri:4, instance:tests.Annotations@1a968a59]" name="myTEST4" duration-ms="0" started-at="2018-04-29T16:59:12Z" finished-at="2018-04-29T16:59:12Z">
          <reporter-output>
          </reporter-output>
        </test-method> <!-- myTEST4 -->
        <test-method status="PASS" signature="beforeMethod()[pri:0, instance:tests.Annotations@1a968a59]" name="beforeMethod" is-config="true" duration-ms="0" started-at="2018-04-29T16:59:12Z" finished-at="2018-04-29T16:59:12Z">
          <reporter-output>
          </reporter-output>
        </test-method> <!-- beforeMethod -->
        <test-method status="PASS" signature="afterClass()[pri:0, instance:tests.Annotations@1a968a59]" name="afterClass" is-config="true" duration-ms="0" started-at="2018-04-29T16:59:12Z" finished-at="2018-04-29T16:59:12Z">
          <reporter-output>
          </reporter-output>
        </test-method> <!-- afterClass -->
        <test-method status="PASS" signature="myTEST3()[pri:3, instance:tests.Annotations@1a968a59]" name="myTEST3" duration-ms="0" started-at="2018-04-29T16:59:12Z" finished-at="2018-04-29T16:59:12Z">
          <reporter-output>
          </reporter-output>
        </test-method> <!-- myTEST3 -->
        <test-method status="PASS" signature="beforeMethod()[pri:0, instance:tests.Annotations@1a968a59]" name="beforeMethod" is-config="true" duration-ms="0" started-at="2018-04-29T16:59:12Z" finished-at="2018-04-29T16:59:12Z">
          <reporter-output>
          </reporter-output>
        </test-method> <!-- beforeMethod -->
        <test-method status="PASS" signature="afterMethod()[pri:0, instance:tests.Annotations@1a968a59]" name="afterMethod" is-config="true" duration-ms="0" started-at="2018-04-29T16:59:12Z" finished-at="2018-04-29T16:59:12Z">
          <reporter-output>
          </reporter-output>
        </test-method> <!-- afterMethod -->
        <test-method status="PASS" signature="aftertest()[pri:0, instance:tests.Annotations@1a968a59]" name="aftertest" is-config="true" duration-ms="0" started-at="2018-04-29T16:59:12Z" finished-at="2018-04-29T16:59:12Z">
          <reporter-output>
          </reporter-output>
        </test-method> <!-- aftertest -->
        <test-method status="PASS" signature="afterMethod()[pri:0, instance:tests.Annotations@1a968a59]" name="afterMethod" is-config="true" duration-ms="0" started-at="2018-04-29T16:59:12Z" finished-at="2018-04-29T16:59:12Z">
          <reporter-output>
          </reporter-output>
        </test-method> <!-- afterMethod -->
        <test-method status="PASS" signature="afterSuite()[pri:0, instance:tests.Annotations@1a968a59]" name="afterSuite" is-config="true" duration-ms="0" started-at="2018-04-29T16:59:12Z" finished-at="2018-04-29T16:59:12Z">
          <reporter-output>
          </reporter-output>
        </test-method> <!-- afterSuite -->
      </class> <!-- tests.Annotations -->
      <class name="tests.MyFirstTest">
        <test-method status="FAIL" signature="testingFirstName()[pri:0, instance:tests.MyFirstTest@4667ae56]" name="testingFirstName" duration-ms="30089" started-at="2018-04-29T16:58:42Z" finished-at="2018-04-29T16:59:12Z">
          <exception class="org.openqa.selenium.NoSuchElementException">
            <message>
              <![CDATA[no such element: Unable to locate element: {"method":"xpath","selector":"Xpath"}
  (Session info: chrome=66.0.3359.139)
  (Driver info: chromedriver=2.33.506120 (e3e53437346286c0bc2d2dc9aa4915ba81d9023f),platform=Windows NT 10.0.16299 x86_64) (WARNING: The server did not provide any stacktrace information)
Command duration or timeout: 0 milliseconds
For documentation on this error, please visit: http://seleniumhq.org/exceptions/no_such_element.html
Build info: version: '3.9.1', revision: '63f7b50', time: '2018-02-07T22:42:22.379Z'
System info: host: 'LAPTOP-9K153T17', ip: '192.168.1.37', os.name: 'Windows 10', os.arch: 'amd64', os.version: '10.0', java.version: '1.8.0_171'
Driver info: org.openqa.selenium.chrome.ChromeDriver
Capabilities {acceptSslCerts: true, applicationCacheEnabled: false, browserConnectionEnabled: false, browserName: chrome, chrome: {chromedriverVersion: 2.33.506120 (e3e53437346286..., userDataDir: C:\Users\Redwan\AppData\Loc...}, cssSelectorsEnabled: true, databaseEnabled: false, handlesAlerts: true, hasTouchScreen: false, javascriptEnabled: true, locationContextEnabled: true, mobileEmulationEnabled: false, nativeEvents: true, networkConnectionEnabled: false, pageLoadStrategy: normal, platform: XP, platformName: XP, rotatable: false, setWindowRect: true, takesHeapSnapshot: true, takesScreenshot: true, unexpectedAlertBehaviour: , unhandledPromptBehavior: , version: 66.0.3359.139, webStorageEnabled: true}
Session ID: 7045bf6f07225020f7141287b5fb3520
*** Element info: {Using=xpath, value=Xpath}]]>
            </message>
            <full-stacktrace>
              <![CDATA[org.openqa.selenium.NoSuchElementException: no such element: Unable to locate element: {"method":"xpath","selector":"Xpath"}
  (Session info: chrome=66.0.3359.139)
  (Driver info: chromedriver=2.33.506120 (e3e53437346286c0bc2d2dc9aa4915ba81d9023f),platform=Windows NT 10.0.16299 x86_64) (WARNING: The server did not provide any stacktrace information)
Command duration or timeout: 0 milliseconds
For documentation on this error, please visit: http://seleniumhq.org/exceptions/no_such_element.html
Build info: version: '3.9.1', revision: '63f7b50', time: '2018-02-07T22:42:22.379Z'
System info: host: 'LAPTOP-9K153T17', ip: '192.168.1.37', os.name: 'Windows 10', os.arch: 'amd64', os.version: '10.0', java.version: '1.8.0_171'
Driver info: org.openqa.selenium.chrome.ChromeDriver
Capabilities {acceptSslCerts: true, applicationCacheEnabled: false, browserConnectionEnabled: false, browserName: chrome, chrome: {chromedriverVersion: 2.33.506120 (e3e53437346286..., userDataDir: C:\Users\Redwan\AppData\Loc...}, cssSelectorsEnabled: true, databaseEnabled: false, handlesAlerts: true, hasTouchScreen: false, javascriptEnabled: true, locationContextEnabled: true, mobileEmulationEnabled: false, nativeEvents: true, networkConnectionEnabled: false, pageLoadStrategy: normal, platform: XP, platformName: XP, rotatable: false, setWindowRect: true, takesHeapSnapshot: true, takesScreenshot: true, unexpectedAlertBehaviour: , unhandledPromptBehavior: , version: 66.0.3359.139, webStorageEnabled: true}
Session ID: 7045bf6f07225020f7141287b5fb3520
*** Element info: {Using=xpath, value=Xpath}
at sun.reflect.NativeConstructorAccessorImpl.newInstance0(Native Method)
at sun.reflect.NativeConstructorAccessorImpl.newInstance(Unknown Source)
at sun.reflect.DelegatingConstructorAccessorImpl.newInstance(Unknown Source)
at java.lang.reflect.Constructor.newInstance(Unknown Source)
at org.openqa.selenium.remote.ErrorHandler.createThrowable(ErrorHandler.java:214)
at org.openqa.selenium.remote.ErrorHandler.throwIfResponseFailed(ErrorHandler.java:166)
at org.openqa.selenium.remote.http.JsonHttpResponseCodec.reconstructValue(JsonHttpResponseCodec.java:40)
at org.openqa.selenium.remote.http.AbstractHttpResponseCodec.decode(AbstractHttpResponseCodec.java:80)
at org.openqa.selenium.remote.http.AbstractHttpResponseCodec.decode(AbstractHttpResponseCodec.java:44)
at org.openqa.selenium.remote.HttpCommandExecutor.execute(HttpCommandExecutor.java:160)
at org.openqa.selenium.remote.service.DriverCommandExecutor.execute(DriverCommandExecutor.java:83)
at org.openqa.selenium.remote.RemoteWebDriver.execute(RemoteWebDriver.java:601)
at org.openqa.selenium.remote.RemoteWebDriver.findElement(RemoteWebDriver.java:371)
at org.openqa.selenium.remote.RemoteWebDriver.findElementByXPath(RemoteWebDriver.java:473)
at org.openqa.selenium.By$ByXPath.findElement(By.java:361)
at org.openqa.selenium.remote.RemoteWebDriver.findElement(RemoteWebDriver.java:363)
at utils.WebDriverFuncrions.typeByXpath(WebDriverFuncrions.java:16)
at tests.MyFirstTest.testingFirstName(MyFirstTest.java:31)
at sun.reflect.NativeMethodAccessorImpl.invoke0(Native Method)
at sun.reflect.NativeMethodAccessorImpl.invoke(Unknown Source)
at sun.reflect.DelegatingMethodAccessorImpl.invoke(Unknown Source)
at java.lang.reflect.Method.invoke(Unknown Source)
at org.testng.internal.MethodInvocationHelper.invokeMethod(MethodInvocationHelper.java:124)
at org.testng.internal.Invoker.invokeMethod(Invoker.java:580)
at org.testng.internal.Invoker.invokeTestMethod(Invoker.java:716)
at org.testng.internal.Invoker.invokeTestMethods(Invoker.java:988)
at org.testng.internal.TestMethodWorker.invokeTestMethods(TestMethodWorker.java:125)
at org.testng.internal.TestMethodWorker.run(TestMethodWorker.java:109)
at org.testng.TestRunner.privateRun(TestRunner.java:648)
at org.testng.TestRunner.run(TestRunner.java:505)
at org.testng.SuiteRunner.runTest(SuiteRunner.java:455)
at org.testng.SuiteRunner.runSequentially(SuiteRunner.java:450)
at org.testng.SuiteRunner.privateRun(SuiteRunner.java:415)
at org.testng.SuiteRunner.run(SuiteRunner.java:364)
at org.testng.SuiteRunnerWorker.runSuite(SuiteRunnerWorker.java:52)
at org.testng.SuiteRunnerWorker.run(SuiteRunnerWorker.java:84)
at org.testng.TestNG.runSuitesSequentially(TestNG.java:1208)
at org.testng.TestNG.runSuitesLocally(TestNG.java:1137)
at org.testng.TestNG.runSuites(TestNG.java:1049)
at org.testng.TestNG.run(TestNG.java:1017)
at org.testng.remote.AbstractRemoteTestNG.run(AbstractRemoteTestNG.java:114)
at org.testng.remote.RemoteTestNG.initAndRun(RemoteTestNG.java:251)
at org.testng.remote.RemoteTestNG.main(RemoteTestNG.java:77)
]]>
            </full-stacktrace>
          </exception> <!-- org.openqa.selenium.NoSuchElementException -->
          <reporter-output>
          </reporter-output>
        </test-method> <!-- testingFirstName -->
      </class> <!-- tests.MyFirstTest -->
    </test> <!-- Test -->
  </suite> <!-- Suite -->
</testng-results>
